<?xml version="1.0" encoding="UTF-8"?>
<!-- Generated by org.testng.reporters.JUnitXMLReporter -->
<testsuite ignored="0" hostname="LAPTOP-M8MK31VD" failures="0" tests="6" name="Test two" time="0.014" errors="0" timestamp="2022-10-09T22:13:31 IST">
  <testcase classname="testngdiscussion.Test2" name="testCase1" time="0.002"/>
  <testcase classname="testngdiscussion.Test2" name="testCase2" time="0.001"/>
  <testcase classname="testngdiscussion.Test2" name="testCase3" time="0.0"/>
  <testcase classname="testngdiscussion.Test4" name="testCase1" time="0.001"/>
  <testcase classname="testngdiscussion.Test4" name="testCase2" time="0.0"/>
  <testcase classname="testngdiscussion.Test4" name="testCase3" time="0.001"/>
</testsuite> <!-- Test two -->
