<?xml version="1.0" encoding="UTF-8"?>
<!-- Generated by org.testng.reporters.JUnitXMLReporter -->
<testsuite ignored="0" hostname="MSI" failures="0" tests="19" name="Default test" time="1.021" errors="0" timestamp="2022-11-28T17:15:20 IST">
  <testcase classname="dataprovider.dpTest" name="testcase" time="0.008"/>
  <testcase classname="dataprovider.dpTest" name="testcase" time="0.002"/>
  <testcase classname="dataprovider.dpTest" name="testcase" time="0.001"/>
  <testcase classname="dataprovider.dpTest" name="testcase" time="0.001"/>
  <testcase classname="dataprovider.dpTest" name="testcase" time="0.001"/>
  <testcase classname="dataprovider.dpTest" name="testcase" time="0.001"/>
  <testcase classname="dataprovider.dpTest" name="testcase" time="0.001"/>
  <testcase classname="dataprovider.dpTest" name="testcase" time="0.0"/>
  <testcase classname="dataprovider.dpTest" name="testcase" time="0.001"/>
  <testcase classname="dataprovider.dpTest" name="testcase" time="0.001"/>
  <testcase classname="dataprovider.dpTest" name="testcase" time="0.001"/>
  <testcase classname="dataprovider.dpTest" name="testcase" time="0.0"/>
  <testcase classname="dataprovider.dpTest" name="testcase" time="0.001"/>
  <testcase classname="dataprovider.dpTest" name="testcase" time="0.0"/>
  <testcase classname="dataprovider.dpTest" name="testcase" time="0.0"/>
  <testcase classname="dataprovider.dpTest" name="testcase" time="0.002"/>
  <testcase classname="dataprovider.dpTest" name="testcase" time="0.001"/>
  <testcase classname="dataprovider.dpTest" name="testcase" time="0.001"/>
  <testcase classname="dataprovider.dpTest" name="testcase" time="0.0"/>
</testsuite> <!-- Default test -->
