<?xml version="1.0" encoding="UTF-8"?>
<!-- Generated by org.testng.reporters.JUnitXMLReporter -->
<testsuite ignored="1" hostname="LAPTOP-M8MK31VD" failures="1" tests="2" name="Default test(failed)(failed)" time="0.052" errors="0" timestamp="2022-10-17T17:41:35 IST">
  <testcase classname="testngdiscussion.DependsOnMethods" name="login" time="0.008">
    <failure type="java.lang.AssertionError" message="null">
      <![CDATA[java.lang.AssertionError: null
at testngdiscussion.DependsOnMethods.login(DependsOnMethods.java:17)
at java.base/java.util.ArrayList.forEach(ArrayList.java:1511)
... Removed 29 stack frames]]>
    </failure>
  </testcase> <!-- login -->
  <testcase classname="testngdiscussion.DependsOnMethods" name="dashboard" time="0.0">
    <skipped/>
  </testcase> <!-- dashboard -->
  <testcase classname="testngdiscussion.DependsOnMethods" name="navigateToUrl" time="0.0">
    <ignored/>
  </testcase> <!-- navigateToUrl -->
</testsuite> <!-- Default test(failed)(failed) -->
