<?xml version="1.0" encoding="UTF-8"?>
<testng-results ignored="0" total="19" passed="19" failed="0" skipped="0">
  <reporter-output>
  </reporter-output>
  <suite started-at="2022-11-28T17:15:19 IST" name="Default suite" finished-at="2022-11-28T17:15:20 IST" duration-ms="1021">
    <groups>
    </groups>
    <test started-at="2022-11-28T17:15:19 IST" name="Default test" finished-at="2022-11-28T17:15:20 IST" duration-ms="1021">
      <class name="dataprovider.dpTest">
        <test-method signature="testcase(java.lang.String,java.lang.String)[pri:0, instance:dataprovider.dpTest@59af0466]" started-at="2022-11-28T17:15:20 IST" name="testcase" data-provider="testdata" finished-at="2022-11-28T17:15:20 IST" duration-ms="8" status="PASS">
          <params>
            <param index="0">
              <value>
                <![CDATA[Admin ]]>
              </value>
            </param>
            <param index="1">
              <value>
                <![CDATA[Admin124]]>
              </value>
            </param>
          </params>
          <reporter-output>
          </reporter-output>
        </test-method> <!-- testcase -->
        <test-method signature="testcase(java.lang.String,java.lang.String)[pri:0, instance:dataprovider.dpTest@59af0466]" started-at="2022-11-28T17:15:20 IST" name="testcase" data-provider="testdata" finished-at="2022-11-28T17:15:20 IST" duration-ms="2" status="PASS">
          <params>
            <param index="0">
              <value>
                <![CDATA[Admin ]]>
              </value>
            </param>
            <param index="1">
              <value>
                <![CDATA[Admin125]]>
              </value>
            </param>
          </params>
          <reporter-output>
          </reporter-output>
        </test-method> <!-- testcase -->
        <test-method signature="testcase(java.lang.String,java.lang.String)[pri:0, instance:dataprovider.dpTest@59af0466]" started-at="2022-11-28T17:15:20 IST" name="testcase" data-provider="testdata" finished-at="2022-11-28T17:15:20 IST" duration-ms="1" status="PASS">
          <params>
            <param index="0">
              <value>
                <![CDATA[Admin ]]>
              </value>
            </param>
            <param index="1">
              <value>
                <![CDATA[Admin126]]>
              </value>
            </param>
          </params>
          <reporter-output>
          </reporter-output>
        </test-method> <!-- testcase -->
        <test-method signature="testcase(java.lang.String,java.lang.String)[pri:0, instance:dataprovider.dpTest@59af0466]" started-at="2022-11-28T17:15:20 IST" name="testcase" data-provider="testdata" finished-at="2022-11-28T17:15:20 IST" duration-ms="1" status="PASS">
          <params>
            <param index="0">
              <value>
                <![CDATA[Admin ]]>
              </value>
            </param>
            <param index="1">
              <value>
                <![CDATA[Admin127]]>
              </value>
            </param>
          </params>
          <reporter-output>
          </reporter-output>
        </test-method> <!-- testcase -->
        <test-method signature="testcase(java.lang.String,java.lang.String)[pri:0, instance:dataprovider.dpTest@59af0466]" started-at="2022-11-28T17:15:20 IST" name="testcase" data-provider="testdata" finished-at="2022-11-28T17:15:20 IST" duration-ms="1" status="PASS">
          <params>
            <param index="0">
              <value>
                <![CDATA[Admin ]]>
              </value>
            </param>
            <param index="1">
              <value>
                <![CDATA[Admin128]]>
              </value>
            </param>
          </params>
          <reporter-output>
          </reporter-output>
        </test-method> <!-- testcase -->
        <test-method signature="testcase(java.lang.String,java.lang.String)[pri:0, instance:dataprovider.dpTest@59af0466]" started-at="2022-11-28T17:15:20 IST" name="testcase" data-provider="testdata" finished-at="2022-11-28T17:15:20 IST" duration-ms="1" status="PASS">
          <params>
            <param index="0">
              <value>
                <![CDATA[Admin ]]>
              </value>
            </param>
            <param index="1">
              <value>
                <![CDATA[Admin129]]>
              </value>
            </param>
          </params>
          <reporter-output>
          </reporter-output>
        </test-method> <!-- testcase -->
        <test-method signature="testcase(java.lang.String,java.lang.String)[pri:0, instance:dataprovider.dpTest@59af0466]" started-at="2022-11-28T17:15:20 IST" name="testcase" data-provider="testdata" finished-at="2022-11-28T17:15:20 IST" duration-ms="1" status="PASS">
          <params>
            <param index="0">
              <value>
                <![CDATA[Admin ]]>
              </value>
            </param>
            <param index="1">
              <value>
                <![CDATA[Admin130]]>
              </value>
            </param>
          </params>
          <reporter-output>
          </reporter-output>
        </test-method> <!-- testcase -->
        <test-method signature="testcase(java.lang.String,java.lang.String)[pri:0, instance:dataprovider.dpTest@59af0466]" started-at="2022-11-28T17:15:20 IST" name="testcase" data-provider="testdata" finished-at="2022-11-28T17:15:20 IST" duration-ms="0" status="PASS">
          <params>
            <param index="0">
              <value>
                <![CDATA[Admin ]]>
              </value>
            </param>
            <param index="1">
              <value>
                <![CDATA[Admin131]]>
              </value>
            </param>
          </params>
          <reporter-output>
          </reporter-output>
        </test-method> <!-- testcase -->
        <test-method signature="testcase(java.lang.String,java.lang.String)[pri:0, instance:dataprovider.dpTest@59af0466]" started-at="2022-11-28T17:15:20 IST" name="testcase" data-provider="testdata" finished-at="2022-11-28T17:15:20 IST" duration-ms="1" status="PASS">
          <params>
            <param index="0">
              <value>
                <![CDATA[Admin ]]>
              </value>
            </param>
            <param index="1">
              <value>
                <![CDATA[Admin132]]>
              </value>
            </param>
          </params>
          <reporter-output>
          </reporter-output>
        </test-method> <!-- testcase -->
        <test-method signature="testcase(java.lang.String,java.lang.String)[pri:0, instance:dataprovider.dpTest@59af0466]" started-at="2022-11-28T17:15:20 IST" name="testcase" data-provider="testdata" finished-at="2022-11-28T17:15:20 IST" duration-ms="1" status="PASS">
          <params>
            <param index="0">
              <value>
                <![CDATA[Admin ]]>
              </value>
            </param>
            <param index="1">
              <value>
                <![CDATA[Admin133]]>
              </value>
            </param>
          </params>
          <reporter-output>
          </reporter-output>
        </test-method> <!-- testcase -->
        <test-method signature="testcase(java.lang.String,java.lang.String)[pri:0, instance:dataprovider.dpTest@59af0466]" started-at="2022-11-28T17:15:20 IST" name="testcase" data-provider="testdata" finished-at="2022-11-28T17:15:20 IST" duration-ms="1" status="PASS">
          <params>
            <param index="0">
              <value>
                <![CDATA[Admin ]]>
              </value>
            </param>
            <param index="1">
              <value>
                <![CDATA[Admin134]]>
              </value>
            </param>
          </params>
          <reporter-output>
          </reporter-output>
        </test-method> <!-- testcase -->
        <test-method signature="testcase(java.lang.String,java.lang.String)[pri:0, instance:dataprovider.dpTest@59af0466]" started-at="2022-11-28T17:15:20 IST" name="testcase" data-provider="testdata" finished-at="2022-11-28T17:15:20 IST" duration-ms="0" status="PASS">
          <params>
            <param index="0">
              <value>
                <![CDATA[Admin ]]>
              </value>
            </param>
            <param index="1">
              <value>
                <![CDATA[Admin135]]>
              </value>
            </param>
          </params>
          <reporter-output>
          </reporter-output>
        </test-method> <!-- testcase -->
        <test-method signature="testcase(java.lang.String,java.lang.String)[pri:0, instance:dataprovider.dpTest@59af0466]" started-at="2022-11-28T17:15:20 IST" name="testcase" data-provider="testdata" finished-at="2022-11-28T17:15:20 IST" duration-ms="1" status="PASS">
          <params>
            <param index="0">
              <value>
                <![CDATA[Admin ]]>
              </value>
            </param>
            <param index="1">
              <value>
                <![CDATA[Admin136]]>
              </value>
            </param>
          </params>
          <reporter-output>
          </reporter-output>
        </test-method> <!-- testcase -->
        <test-method signature="testcase(java.lang.String,java.lang.String)[pri:0, instance:dataprovider.dpTest@59af0466]" started-at="2022-11-28T17:15:20 IST" name="testcase" data-provider="testdata" finished-at="2022-11-28T17:15:20 IST" duration-ms="0" status="PASS">
          <params>
            <param index="0">
              <value>
                <![CDATA[Admin ]]>
              </value>
            </param>
            <param index="1">
              <value>
                <![CDATA[Admin137]]>
              </value>
            </param>
          </params>
          <reporter-output>
          </reporter-output>
        </test-method> <!-- testcase -->
        <test-method signature="testcase(java.lang.String,java.lang.String)[pri:0, instance:dataprovider.dpTest@59af0466]" started-at="2022-11-28T17:15:20 IST" name="testcase" data-provider="testdata" finished-at="2022-11-28T17:15:20 IST" duration-ms="0" status="PASS">
          <params>
            <param index="0">
              <value>
                <![CDATA[Admin ]]>
              </value>
            </param>
            <param index="1">
              <value>
                <![CDATA[Admin138]]>
              </value>
            </param>
          </params>
          <reporter-output>
          </reporter-output>
        </test-method> <!-- testcase -->
        <test-method signature="testcase(java.lang.String,java.lang.String)[pri:0, instance:dataprovider.dpTest@59af0466]" started-at="2022-11-28T17:15:20 IST" name="testcase" data-provider="testdata" finished-at="2022-11-28T17:15:20 IST" duration-ms="2" status="PASS">
          <params>
            <param index="0">
              <value>
                <![CDATA[Admin ]]>
              </value>
            </param>
            <param index="1">
              <value>
                <![CDATA[Admin139]]>
              </value>
            </param>
          </params>
          <reporter-output>
          </reporter-output>
        </test-method> <!-- testcase -->
        <test-method signature="testcase(java.lang.String,java.lang.String)[pri:0, instance:dataprovider.dpTest@59af0466]" started-at="2022-11-28T17:15:20 IST" name="testcase" data-provider="testdata" finished-at="2022-11-28T17:15:20 IST" duration-ms="1" status="PASS">
          <params>
            <param index="0">
              <value>
                <![CDATA[Admin ]]>
              </value>
            </param>
            <param index="1">
              <value>
                <![CDATA[Admin140]]>
              </value>
            </param>
          </params>
          <reporter-output>
          </reporter-output>
        </test-method> <!-- testcase -->
        <test-method signature="testcase(java.lang.String,java.lang.String)[pri:0, instance:dataprovider.dpTest@59af0466]" started-at="2022-11-28T17:15:20 IST" name="testcase" data-provider="testdata" finished-at="2022-11-28T17:15:20 IST" duration-ms="1" status="PASS">
          <params>
            <param index="0">
              <value>
                <![CDATA[Admin ]]>
              </value>
            </param>
            <param index="1">
              <value>
                <![CDATA[Admin141]]>
              </value>
            </param>
          </params>
          <reporter-output>
          </reporter-output>
        </test-method> <!-- testcase -->
        <test-method signature="testcase(java.lang.String,java.lang.String)[pri:0, instance:dataprovider.dpTest@59af0466]" started-at="2022-11-28T17:15:20 IST" name="testcase" data-provider="testdata" finished-at="2022-11-28T17:15:20 IST" duration-ms="0" status="PASS">
          <params>
            <param index="0">
              <value>
                <![CDATA[Admin ]]>
              </value>
            </param>
            <param index="1">
              <value>
                <![CDATA[Admin142]]>
              </value>
            </param>
          </params>
          <reporter-output>
          </reporter-output>
        </test-method> <!-- testcase -->
      </class> <!-- dataprovider.dpTest -->
    </test> <!-- Default test -->
  </suite> <!-- Default suite -->
</testng-results>
